build/app/outputs/mapping/release/seeds.txt
com.example.notification_testing.MainActivity
com.example.notification_testing.MainActivity: MainActivity()
...
com.dexterous.flutterlocalnotifications.FlutterLocalNotificationsPlugin: void setupAllowWhileIdleAlarm(com.dexterous.flutterlocalnotifications.models.NotificationDetails,android.app.AlarmManager,long,android.app.PendingIntent)
io.flutter.plugins.firebase.core.FlutterFirebasePluginRegistry: com.google.android.gms.tasks.Task getPluginConstantsForFirebaseApp(com.google.firebase.FirebaseApp)
io.flutter.embedding.android.RenderMode: io.flutter.embedding.android.RenderMode[] values()
io.flutter.view.AccessibilityBridge$Flag: io.flutter.view.AccessibilityBridge$Flag[] values()
androidx.core.view.WindowInsetsCompat$Impl28: androidx.core.view.WindowInsetsCompat consumeDisplayCutout()
io.flutter.plugins.firebase.core.FlutterFirebaseCoreRegistrar: FlutterFirebaseCoreRegistrar()
io.flutter.embedding.engine.FlutterJNI: long nativeAttach(io.flutter.embedding.engine.FlutterJNI)
com.google.android.exoplayer2.source.hls.HlsMediaSource$Factory: HlsMediaSource$Factory(com.google.android.exoplayer2.upstream.DataSource$Factory)
com.google.firebase.heartbeatinfo.HeartBeatResult: HeartBeatResult()
androidx.core.content.ContextCompat$Api26Impl: android.content.ComponentName startForegroundService(android.content.Context,android.content.Intent)
android.support.v4.media.AudioAttributesImplBaseParcelizer: void write(androidx.media.AudioAttributesImplBase,androidx.versionedparcelable.VersionedParcel)
io.flutter.embedding.engine.FlutterJNI: void onSurfaceCreated(android.view.Surface)
com.dexterous.flutterlocalnotifications.models.NotificationChannelDetails: com.dexterous.flutterlocalnotifications.models.NotificationChannelDetails fromNotificationDetails(com.dexterous.flutterlocalnotifications.models.NotificationDetails)
com.google.firebase.ktx.FirebaseCommonKtxRegistrar: java.util.List getComponents()
androidx.arch.core.executor.ArchTaskExecutor: ArchTaskExecutor()
com.google.android.datatransport.runtime.backends.BackendRequest: BackendRequest()
androidx.media2.session.LibraryParamsParcelizer: LibraryParamsParcelizer()
androidx.core.view.ViewCompat$Api16Impl: int getMinimumWidth(android.view.View)
com.dexterous.flutterlocalnotifications.FlutterLocalNotificationsPlugin: void cancel(io.flutter.plugin.common.MethodCall,io.flutter.plugin.common.MethodChannel$Result)
io.flutter.embedding.engine.FlutterJNI: void invokePlatformMessageResponseCallback(int,java.nio.ByteBuffer,int)
com.dexterous.flutterlocalnotifications.FlutterLocalNotificationsPlugin: void zonedScheduleNotification(android.content.Context,com.dexterous.flutterlocalnotifications.models.NotificationDetails,java.lang.Boolean)
androidx.core.view.WindowInsetsCompat$BuilderImpl29: void setTappableElementInsets(androidx.core.graphics.Insets)
io.flutter.embedding.engine.FlutterJNI: FlutterJNI()
androidx.media2.session.LibraryResultParcelizer: LibraryResultParcelizer()
io.flutter.embedding.engine.FlutterJNI: void setLocalizationPlugin(io.flutter.plugin.localization.LocalizationPlugin)
androidx.core.content.ContextCompat$Api21Impl: android.graphics.drawable.Drawable getDrawable(android.content.Context,int)
androidx.fragment.app.FragmentTransitionImpl: FragmentTransitionImpl()
androidx.media2.session.SessionCommandGroupParcelizer: void write(androidx.media2.session.SessionCommandGroup,androidx.versionedparcelable.VersionedParcel)
androidx.core.view.ViewCompat$Api21Impl: boolean isImportantForAccessibility(android.view.View)
com.dexterous.flutterlocalnotifications.FlutterLocalNotificationsPlugin: boolean isValidDrawableResource(android.content.Context,java.lang.String,io.flutter.plugin.common.MethodChannel$Result,java.lang.String)
android.support.v4.media.RatingCompat$Api19Impl: float getStarRating(android.media.Rating)
androidx.core.view.ViewCompat$Api16Impl: android.view.accessibility.AccessibilityNodeProvider getAccessibilityNodeProvider(android.view.View)
androidx.loader.app.LoaderManagerImpl$LoaderViewModel: LoaderManagerImpl$LoaderViewModel()