build/app/outputs/mapping/release/mapping.txt
# compiler: R8
# compiler_version: 3.3.70
# min_api: 21
# common_typos_disable
# {"id":"com.android.tools.r8.mapping","version":"2.0"}
# pg_map_id: 5ddc864
# pg_map_hash: SHA-256 5ddc864de95af2eaa735cd1502cbf6510bde11216f448fcc9ec6c7150788bf46
...
com.google.android.exoplayer2.extractor.wav.WavExtractor$PassthroughOutputWriter -> a1.b$c:
    com.google.android.exoplayer2.extractor.TrackOutput trackOutput -> b
    long startTimeUs -> f
    long outputFrameCount -> h
    int pendingOutputBytes -> g
    int targetSampleSizeBytes -> e
    com.google.android.exoplayer2.extractor.wav.WavFormat wavFormat -> c
    com.google.android.exoplayer2.Format format -> d
    com.google.android.exoplayer2.extractor.ExtractorOutput extractorOutput -> a
    void init(int,long) -> a
    boolean sampleData(com.google.android.exoplayer2.extractor.ExtractorInput,long) -> b
    void reset(long) -> c
com.google.android.exoplayer2.extractor.wav.WavFormat -> a1.c:
    int bitsPerSample -> f
    byte[] extraData -> g
    int averageBytesPerSecond -> d
    int blockSize -> e
    int numChannels -> b
    int frameRateHz -> c
    int formatType -> a
com.google.android.exoplayer2.extractor.wav.WavHeaderReader -> a1.d:
    boolean checkFileType(com.google.android.exoplayer2.extractor.ExtractorInput) -> a
    com.google.android.exoplayer2.extractor.wav.WavFormat readFormat(com.google.android.exoplayer2.extractor.ExtractorInput) -> b
    long readRf64SampleDataSize(com.google.android.exoplayer2.extractor.ExtractorInput) -> c
    com.google.android.exoplayer2.extractor.wav.WavHeaderReader$ChunkHeader skipToChunk(int,com.google.android.exoplayer2.extractor.ExtractorInput,com.google.android.exoplayer2.util.ParsableByteArray) -> d
    android.util.Pair skipToSampleData(com.google.android.exoplayer2.extractor.ExtractorInput) -> e
com.google.android.exoplayer2.extractor.wav.WavHeaderReader$ChunkHeader -> a1.d$a:
    long size -> b
    int id -> a
    com.google.android.exoplayer2.extractor.wav.WavHeaderReader$ChunkHeader peek(com.google.android.exoplayer2.extractor.ExtractorInput,com.google.android.exoplayer2.util.ParsableByteArray) -> a
com.google.android.exoplayer2.extractor.wav.WavSeekMap -> a1.e:
    long durationUs -> e
    com.google.android.exoplayer2.extractor.wav.WavFormat wavFormat -> a
    long blockCount -> d
    long firstBlockPosition -> c
    int framesPerBlock -> b
    long blockIndexToTimeUs(long) -> a
    boolean isSeekable() -> f
    com.google.android.exoplayer2.extractor.SeekMap$SeekPoints getSeekPoints(long) -> g
    long getDurationUs() -> i
com.google.android.exoplayer2.mediacodec.AsynchronousMediaCodecAdapter -> b1.d:
    android.media.MediaCodec codec -> a
    boolean codecReleased -> e
    int state -> f
    com.google.android.exoplayer2.mediacodec.AsynchronousMediaCodecBufferEnqueuer bufferEnqueuer -> c
    com.google.android.exoplayer2.mediacodec.AsynchronousMediaCodecCallback asynchronousMediaCodecCallback -> b
    boolean synchronizeCodecInteractionsWithQueueing -> d
    void release() -> a
    int dequeueOutputBufferIndex(android.media.MediaCodec$BufferInfo) -> b
    boolean needsReconfiguration() -> c
    void releaseOutputBuffer(int,boolean) -> d
    void setOnFrameRenderedListener(com.google.android.exoplayer2.mediacodec.MediaCodecAdapter$OnFrameRenderedListener,android.os.Handler) -> e
    void setVideoScalingMode(int) -> f
    android.media.MediaFormat getOutputFormat() -> g
    java.nio.ByteBuffer getInputBuffer(int) -> h
    void setOutputSurface(android.view.Surface) -> i
    void queueInputBuffer(int,int,int,long,int) -> j
    void setParameters(android.os.Bundle) -> k
    java.nio.ByteBuffer getOutputBuffer(int) -> l
    void releaseOutputBuffer(int,long) -> m
    int dequeueInputBufferIndex() -> n
    void queueSecureInputBuffer(int,int,com.google.android.exoplayer2.decoder.CryptoInfo,long,int) -> o